<?xml version="1.0" encoding="UTF-8"?>
<testng-results ignored="0" total="29" passed="29" failed="0" skipped="0">
  <reporter-output>
  </reporter-output>
  <suite started-at="2026-07-10T14:44:08 IST" name="Surefire suite" finished-at="2026-07-10T14:54:21 IST" duration-ms="613168">
    <groups>
      <group name="cucumber">
        <method signature="AbstractTestNGCucumberTests.runScenario(io.cucumber.testng.PickleWrapper,io.cucumber.testng.FeatureWrapper)[pri:0, instance:runner.TestRunner@64df9a61]" name="runScenario" class="io.cucumber.testng.AbstractTestNGCucumberTests"/>
      </group> <!-- cucumber -->
    </groups>
    <test started-at="2026-07-10T14:44:08 IST" name="Surefire test" finished-at="2026-07-10T14:54:21 IST" duration-ms="613168">
      <class name="runner.TestRunner">
        <test-method is-config="true" signature="setUpClass(org.testng.ITestContext)[pri:0, instance:runner.TestRunner@64df9a61]" started-at="2026-07-10T14:44:08 IST" name="setUpClass" finished-at="2026-07-10T14:44:15 IST" duration-ms="7768" status="PASS">
          <params>
            <param index="0">
              <value>
                <![CDATA[org.testng.TestRunner@6cb890ac]]>
              </value>
            </param>
          </params>
          <reporter-output>
          </reporter-output>
        </test-method> <!-- setUpClass -->
        <test-method signature="runScenario(io.cucumber.testng.PickleWrapper,io.cucumber.testng.FeatureWrapper)[pri:0, instance:runner.TestRunner@64df9a61]" started-at="2026-07-10T14:44:16 IST" name="runScenario" description="Runs Cucumber Scenarios" data-provider="scenarios" finished-at="2026-07-10T14:44:34 IST" duration-ms="18953" status="PASS">
          <params>
            <param index="0">
              <value>
                <![CDATA["Search for a product and add it to the cart"]]>
              </value>
            </param>
            <param index="1">
              <value>
                <![CDATA["Product Search and Shopping Cart Management"]]>
              </value>
            </param>
          </params>
          <reporter-output>
          </reporter-output>
        </test-method> <!-- runScenario -->
        <test-method signature="runScenario(io.cucumber.testng.PickleWrapper,io.cucumber.testng.FeatureWrapper)[pri:0, instance:runner.TestRunner@64df9a61]" started-at="2026-07-10T14:44:34 IST" name="runScenario" description="Runs Cucumber Scenarios" data-provider="scenarios" finished-at="2026-07-10T14:45:00 IST" duration-ms="25350" status="PASS">
          <params>
            <param index="0">
              <value>
                <![CDATA["Checkout Process with Invalid Data Handling"]]>
              </value>
            </param>
            <param index="1">
              <value>
                <![CDATA["Product Search and Shopping Cart Management"]]>
              </value>
            </param>
          </params>
          <reporter-output>
          </reporter-output>
        </test-method> <!-- runScenario -->
        <test-method signature="runScenario(io.cucumber.testng.PickleWrapper,io.cucumber.testng.FeatureWrapper)[pri:0, instance:runner.TestRunner@64df9a61]" started-at="2026-07-10T14:45:00 IST" name="runScenario" description="Runs Cucumber Scenarios" data-provider="scenarios" finished-at="2026-07-10T14:45:24 IST" duration-ms="23950" status="PASS">
          <params>
            <param index="0">
              <value>
                <![CDATA["User Registration with Invalid Data Handling"]]>
              </value>
            </param>
            <param index="1">
              <value>
                <![CDATA["Product Search and Shopping Cart Management"]]>
              </value>
            </param>
          </params>
          <reporter-output>
          </reporter-output>
        </test-method> <!-- runScenario -->
        <test-method signature="runScenario(io.cucumber.testng.PickleWrapper,io.cucumber.testng.FeatureWrapper)[pri:0, instance:runner.TestRunner@64df9a61]" started-at="2026-07-10T14:45:24 IST" name="runScenario" description="Runs Cucumber Scenarios" data-provider="scenarios" finished-at="2026-07-10T14:45:38 IST" duration-ms="14215" status="PASS">
          <params>
            <param index="0">
              <value>
                <![CDATA["Login with Valid & Invalid Credentials"]]>
              </value>
            </param>
            <param index="1">
              <value>
                <![CDATA["Product Search and Shopping Cart Management"]]>
              </value>
            </param>
          </params>
          <reporter-output>
          </reporter-output>
        </test-method> <!-- runScenario -->
        <test-method signature="runScenario(io.cucumber.testng.PickleWrapper,io.cucumber.testng.FeatureWrapper)[pri:0, instance:runner.TestRunner@64df9a61]" started-at="2026-07-10T14:45:38 IST" name="runScenario" description="Runs Cucumber Scenarios" data-provider="scenarios" finished-at="2026-07-10T14:46:04 IST" duration-ms="25890" status="PASS">
          <params>
            <param index="0">
              <value>
                <![CDATA["Data Driven Login Validation"]]>
              </value>
            </param>
            <param index="1">
              <value>
                <![CDATA["Product Search and Shopping Cart Management"]]>
              </value>
            </param>
          </params>
          <reporter-output>
          </reporter-output>
        </test-method> <!-- runScenario -->
        <test-method signature="runScenario(io.cucumber.testng.PickleWrapper,io.cucumber.testng.FeatureWrapper)[pri:0, instance:runner.TestRunner@64df9a61]" started-at="2026-07-10T14:46:04 IST" name="runScenario" description="Runs Cucumber Scenarios" data-provider="scenarios" finished-at="2026-07-10T14:46:29 IST" duration-ms="25010" status="PASS">
          <params>
            <param index="0">
              <value>
                <![CDATA["Data Driven Login Validation"]]>
              </value>
            </param>
            <param index="1">
              <value>
                <![CDATA["Product Search and Shopping Cart Management"]]>
              </value>
            </param>
          </params>
          <reporter-output>
          </reporter-output>
        </test-method> <!-- runScenario -->
        <test-method signature="runScenario(io.cucumber.testng.PickleWrapper,io.cucumber.testng.FeatureWrapper)[pri:0, instance:runner.TestRunner@64df9a61]" started-at="2026-07-10T14:46:29 IST" name="runScenario" description="Runs Cucumber Scenarios" data-provider="scenarios" finished-at="2026-07-10T14:46:54 IST" duration-ms="24694" status="PASS">
          <params>
            <param index="0">
              <value>
                <![CDATA["Data Driven Login Validation"]]>
              </value>
            </param>
            <param index="1">
              <value>
                <![CDATA["Product Search and Shopping Cart Management"]]>
              </value>
            </param>
          </params>
          <reporter-output>
          </reporter-output>
        </test-method> <!-- runScenario -->
        <test-method signature="runScenario(io.cucumber.testng.PickleWrapper,io.cucumber.testng.FeatureWrapper)[pri:0, instance:runner.TestRunner@64df9a61]" started-at="2026-07-10T14:46:54 IST" name="runScenario" description="Runs Cucumber Scenarios" data-provider="scenarios" finished-at="2026-07-10T14:47:18 IST" duration-ms="24211" status="PASS">
          <params>
            <param index="0">
              <value>
                <![CDATA["Data Driven Login Validation"]]>
              </value>
            </param>
            <param index="1">
              <value>
                <![CDATA["Product Search and Shopping Cart Management"]]>
              </value>
            </param>
          </params>
          <reporter-output>
          </reporter-output>
        </test-method> <!-- runScenario -->
        <test-method signature="runScenario(io.cucumber.testng.PickleWrapper,io.cucumber.testng.FeatureWrapper)[pri:0, instance:runner.TestRunner@64df9a61]" started-at="2026-07-10T14:47:18 IST" name="runScenario" description="Runs Cucumber Scenarios" data-provider="scenarios" finished-at="2026-07-10T14:47:42 IST" duration-ms="23996" status="PASS">
          <params>
            <param index="0">
              <value>
                <![CDATA["Data Driven Login Validation"]]>
              </value>
            </param>
            <param index="1">
              <value>
                <![CDATA["Product Search and Shopping Cart Management"]]>
              </value>
            </param>
          </params>
          <reporter-output>
          </reporter-output>
        </test-method> <!-- runScenario -->
        <test-method signature="runScenario(io.cucumber.testng.PickleWrapper,io.cucumber.testng.FeatureWrapper)[pri:0, instance:runner.TestRunner@64df9a61]" started-at="2026-07-10T14:47:42 IST" name="runScenario" description="Runs Cucumber Scenarios" data-provider="scenarios" finished-at="2026-07-10T14:48:06 IST" duration-ms="24474" status="PASS">
          <params>
            <param index="0">
              <value>
                <![CDATA["Data Driven Login Validation"]]>
              </value>
            </param>
            <param index="1">
              <value>
                <![CDATA["Product Search and Shopping Cart Management"]]>
              </value>
            </param>
          </params>
          <reporter-output>
          </reporter-output>
        </test-method> <!-- runScenario -->
        <test-method signature="runScenario(io.cucumber.testng.PickleWrapper,io.cucumber.testng.FeatureWrapper)[pri:0, instance:runner.TestRunner@64df9a61]" started-at="2026-07-10T14:48:06 IST" name="runScenario" description="Runs Cucumber Scenarios" data-provider="scenarios" finished-at="2026-07-10T14:48:21 IST" duration-ms="14716" status="PASS">
          <params>
            <param index="0">
              <value>
                <![CDATA["Adding Multiple Products to Cart & Validating Cart Summary"]]>
              </value>
            </param>
            <param index="1">
              <value>
                <![CDATA["Product Search and Shopping Cart Management"]]>
              </value>
            </param>
          </params>
          <reporter-output>
          </reporter-output>
        </test-method> <!-- runScenario -->
        <test-method signature="runScenario(io.cucumber.testng.PickleWrapper,io.cucumber.testng.FeatureWrapper)[pri:0, instance:runner.TestRunner@64df9a61]" started-at="2026-07-10T14:48:21 IST" name="runScenario" description="Runs Cucumber Scenarios" data-provider="scenarios" finished-at="2026-07-10T14:49:09 IST" duration-ms="47923" status="PASS">
          <params>
            <param index="0">
              <value>
                <![CDATA["Perform Check-out with Coupon Discount Verification"]]>
              </value>
            </param>
            <param index="1">
              <value>
                <![CDATA["Product Search and Shopping Cart Management"]]>
              </value>
            </param>
          </params>
          <reporter-output>
          </reporter-output>
        </test-method> <!-- runScenario -->
        <test-method signature="runScenario(io.cucumber.testng.PickleWrapper,io.cucumber.testng.FeatureWrapper)[pri:0, instance:runner.TestRunner@64df9a61]" started-at="2026-07-10T14:49:09 IST" name="runScenario" description="Runs Cucumber Scenarios" data-provider="scenarios" finished-at="2026-07-10T14:49:21 IST" duration-ms="12120" status="PASS">
          <params>
            <param index="0">
              <value>
                <![CDATA["Logging Out and Verifying Session End"]]>
              </value>
            </param>
            <param index="1">
              <value>
                <![CDATA["Product Search and Shopping Cart Management"]]>
              </value>
            </param>
          </params>
          <reporter-output>
          </reporter-output>
        </test-method> <!-- runScenario -->
        <test-method signature="runScenario(io.cucumber.testng.PickleWrapper,io.cucumber.testng.FeatureWrapper)[pri:0, instance:runner.TestRunner@64df9a61]" started-at="2026-07-10T14:49:21 IST" name="runScenario" description="Runs Cucumber Scenarios" data-provider="scenarios" finished-at="2026-07-10T14:49:34 IST" duration-ms="12824" status="PASS">
          <params>
            <param index="0">
              <value>
                <![CDATA["Forgot Password Password Recovery Process"]]>
              </value>
            </param>
            <param index="1">
              <value>
                <![CDATA["Product Search and Shopping Cart Management"]]>
              </value>
            </param>
          </params>
          <reporter-output>
          </reporter-output>
        </test-method> <!-- runScenario -->
        <test-method signature="runScenario(io.cucumber.testng.PickleWrapper,io.cucumber.testng.FeatureWrapper)[pri:0, instance:runner.TestRunner@64df9a61]" started-at="2026-07-10T14:49:34 IST" name="runScenario" description="Runs Cucumber Scenarios" data-provider="scenarios" finished-at="2026-07-10T14:50:02 IST" duration-ms="28346" status="PASS">
          <params>
            <param index="0">
              <value>
                <![CDATA["Update Shopping Cart Quantity Controls and Product Removal"]]>
              </value>
            </param>
            <param index="1">
              <value>
                <![CDATA["Product Search and Shopping Cart Management"]]>
              </value>
            </param>
          </params>
          <reporter-output>
          </reporter-output>
        </test-method> <!-- runScenario -->
        <test-method signature="runScenario(io.cucumber.testng.PickleWrapper,io.cucumber.testng.FeatureWrapper)[pri:0, instance:runner.TestRunner@64df9a61]" started-at="2026-07-10T14:50:02 IST" name="runScenario" description="Runs Cucumber Scenarios" data-provider="scenarios" finished-at="2026-07-10T14:50:10 IST" duration-ms="7878" status="PASS">
          <params>
            <param index="0">
              <value>
                <![CDATA["Wishlist Operations for Authenticated Users"]]>
              </value>
            </param>
            <param index="1">
              <value>
                <![CDATA["Product Search and Shopping Cart Management"]]>
              </value>
            </param>
          </params>
          <reporter-output>
          </reporter-output>
        </test-method> <!-- runScenario -->
        <test-method signature="runScenario(io.cucumber.testng.PickleWrapper,io.cucumber.testng.FeatureWrapper)[pri:0, instance:runner.TestRunner@64df9a61]" started-at="2026-07-10T14:50:10 IST" name="runScenario" description="Runs Cucumber Scenarios" data-provider="scenarios" finished-at="2026-07-10T14:50:18 IST" duration-ms="8177" status="PASS">
          <params>
            <param index="0">
              <value>
                <![CDATA["Product Comparison Engine Operations"]]>
              </value>
            </param>
            <param index="1">
              <value>
                <![CDATA["Product Search and Shopping Cart Management"]]>
              </value>
            </param>
          </params>
          <reporter-output>
          </reporter-output>
        </test-method> <!-- runScenario -->
        <test-method signature="runScenario(io.cucumber.testng.PickleWrapper,io.cucumber.testng.FeatureWrapper)[pri:0, instance:runner.TestRunner@64df9a61]" started-at="2026-07-10T14:50:18 IST" name="runScenario" description="Runs Cucumber Scenarios" data-provider="scenarios" finished-at="2026-07-10T14:50:55 IST" duration-ms="36695" status="PASS">
          <params>
            <param index="0">
              <value>
                <![CDATA["Registered User Checkout Process Completion via Gateway Registration"]]>
              </value>
            </param>
            <param index="1">
              <value>
                <![CDATA["Product Search and Shopping Cart Management"]]>
              </value>
            </param>
          </params>
          <reporter-output>
          </reporter-output>
        </test-method> <!-- runScenario -->
        <test-method signature="runScenario(io.cucumber.testng.PickleWrapper,io.cucumber.testng.FeatureWrapper)[pri:0, instance:runner.TestRunner@64df9a61]" started-at="2026-07-10T14:50:55 IST" name="runScenario" description="Runs Cucumber Scenarios" data-provider="scenarios" finished-at="2026-07-10T14:51:30 IST" duration-ms="35306" status="PASS">
          <params>
            <param index="0">
              <value>
                <![CDATA["Checkout with New Shipping Address Configuration"]]>
              </value>
            </param>
            <param index="1">
              <value>
                <![CDATA["Product Search and Shopping Cart Management"]]>
              </value>
            </param>
          </params>
          <reporter-output>
          </reporter-output>
        </test-method> <!-- runScenario -->
        <test-method signature="runScenario(io.cucumber.testng.PickleWrapper,io.cucumber.testng.FeatureWrapper)[pri:0, instance:runner.TestRunner@64df9a61]" started-at="2026-07-10T14:51:30 IST" name="runScenario" description="Runs Cucumber Scenarios" data-provider="scenarios" finished-at="2026-07-10T14:52:07 IST" duration-ms="36555" status="PASS">
          <params>
            <param index="0">
              <value>
                <![CDATA["Checkout with Different Billing & Shipping Address Setup"]]>
              </value>
            </param>
            <param index="1">
              <value>
                <![CDATA["Product Search and Shopping Cart Management"]]>
              </value>
            </param>
          </params>
          <reporter-output>
          </reporter-output>
        </test-method> <!-- runScenario -->
        <test-method signature="runScenario(io.cucumber.testng.PickleWrapper,io.cucumber.testng.FeatureWrapper)[pri:0, instance:runner.TestRunner@64df9a61]" started-at="2026-07-10T14:52:07 IST" name="runScenario" description="Runs Cucumber Scenarios" data-provider="scenarios" finished-at="2026-07-10T14:52:46 IST" duration-ms="39673" status="PASS">
          <params>
            <param index="0">
              <value>
                <![CDATA["Verify Order History and Invoice Validation after placing order"]]>
              </value>
            </param>
            <param index="1">
              <value>
                <![CDATA["Product Search and Shopping Cart Management"]]>
              </value>
            </param>
          </params>
          <reporter-output>
          </reporter-output>
        </test-method> <!-- runScenario -->
        <test-method signature="runScenario(io.cucumber.testng.PickleWrapper,io.cucumber.testng.FeatureWrapper)[pri:0, instance:runner.TestRunner@64df9a61]" started-at="2026-07-10T14:52:46 IST" name="runScenario" description="Runs Cucumber Scenarios" data-provider="scenarios" finished-at="2026-07-10T14:52:51 IST" duration-ms="4764" status="PASS">
          <params>
            <param index="0">
              <value>
                <![CDATA["My Account Management - Update Personal Details"]]>
              </value>
            </param>
            <param index="1">
              <value>
                <![CDATA["Product Search and Shopping Cart Management"]]>
              </value>
            </param>
          </params>
          <reporter-output>
          </reporter-output>
        </test-method> <!-- runScenario -->
        <test-method signature="runScenario(io.cucumber.testng.PickleWrapper,io.cucumber.testng.FeatureWrapper)[pri:0, instance:runner.TestRunner@64df9a61]" started-at="2026-07-10T14:52:51 IST" name="runScenario" description="Runs Cucumber Scenarios" data-provider="scenarios" finished-at="2026-07-10T14:52:57 IST" duration-ms="5625" status="PASS">
          <params>
            <param index="0">
              <value>
                <![CDATA["Newsletter Subscription Management"]]>
              </value>
            </param>
            <param index="1">
              <value>
                <![CDATA["Product Search and Shopping Cart Management"]]>
              </value>
            </param>
          </params>
          <reporter-output>
          </reporter-output>
        </test-method> <!-- runScenario -->
        <test-method signature="runScenario(io.cucumber.testng.PickleWrapper,io.cucumber.testng.FeatureWrapper)[pri:0, instance:runner.TestRunner@64df9a61]" started-at="2026-07-10T14:52:57 IST" name="runScenario" description="Runs Cucumber Scenarios" data-provider="scenarios" finished-at="2026-07-10T14:53:00 IST" duration-ms="2668" status="PASS">
          <params>
            <param index="0">
              <value>
                <![CDATA["Submit Contact Us Form Successfully"]]>
              </value>
            </param>
            <param index="1">
              <value>
                <![CDATA["Product Search and Shopping Cart Management"]]>
              </value>
            </param>
          </params>
          <reporter-output>
          </reporter-output>
        </test-method> <!-- runScenario -->
        <test-method signature="runScenario(io.cucumber.testng.PickleWrapper,io.cucumber.testng.FeatureWrapper)[pri:0, instance:runner.TestRunner@64df9a61]" started-at="2026-07-10T14:53:00 IST" name="runScenario" description="Runs Cucumber Scenarios" data-provider="scenarios" finished-at="2026-07-10T14:53:07 IST" duration-ms="7126" status="PASS">
          <params>
            <param index="0">
              <value>
                <![CDATA["Category Navigation Through Categories and Subcategories"]]>
              </value>
            </param>
            <param index="1">
              <value>
                <![CDATA["Product Search and Shopping Cart Management"]]>
              </value>
            </param>
          </params>
          <reporter-output>
          </reporter-output>
        </test-method> <!-- runScenario -->
        <test-method signature="runScenario(io.cucumber.testng.PickleWrapper,io.cucumber.testng.FeatureWrapper)[pri:0, instance:runner.TestRunner@64df9a61]" started-at="2026-07-10T14:53:07 IST" name="runScenario" description="Runs Cucumber Scenarios" data-provider="scenarios" finished-at="2026-07-10T14:53:18 IST" duration-ms="11715" status="PASS">
          <params>
            <param index="0">
              <value>
                <![CDATA["Product Sorting Validation"]]>
              </value>
            </param>
            <param index="1">
              <value>
                <![CDATA["Product Search and Shopping Cart Management"]]>
              </value>
            </param>
          </params>
          <reporter-output>
          </reporter-output>
        </test-method> <!-- runScenario -->
        <test-method signature="runScenario(io.cucumber.testng.PickleWrapper,io.cucumber.testng.FeatureWrapper)[pri:0, instance:runner.TestRunner@64df9a61]" started-at="2026-07-10T14:53:18 IST" name="runScenario" description="Runs Cucumber Scenarios" data-provider="scenarios" finished-at="2026-07-10T14:53:22 IST" duration-ms="3185" status="PASS">
          <params>
            <param index="0">
              <value>
                <![CDATA["Product Filter Validation"]]>
              </value>
            </param>
            <param index="1">
              <value>
                <![CDATA["Product Search and Shopping Cart Management"]]>
              </value>
            </param>
          </params>
          <reporter-output>
          </reporter-output>
        </test-method> <!-- runScenario -->
        <test-method signature="runScenario(io.cucumber.testng.PickleWrapper,io.cucumber.testng.FeatureWrapper)[pri:0, instance:runner.TestRunner@64df9a61]" started-at="2026-07-10T14:53:22 IST" name="runScenario" description="Runs Cucumber Scenarios" data-provider="scenarios" finished-at="2026-07-10T14:53:35 IST" duration-ms="12970" status="PASS">
          <params>
            <param index="0">
              <value>
                <![CDATA["Recently Viewed Products Validation Engine"]]>
              </value>
            </param>
            <param index="1">
              <value>
                <![CDATA["Product Search and Shopping Cart Management"]]>
              </value>
            </param>
          </params>
          <reporter-output>
          </reporter-output>
        </test-method> <!-- runScenario -->
        <test-method signature="runScenario(io.cucumber.testng.PickleWrapper,io.cucumber.testng.FeatureWrapper)[pri:0, instance:runner.TestRunner@64df9a61]" started-at="2026-07-10T14:53:35 IST" name="runScenario" description="Runs Cucumber Scenarios" data-provider="scenarios" finished-at="2026-07-10T14:54:20 IST" duration-ms="45271" status="PASS">
          <params>
            <param index="0">
              <value>
                <![CDATA["Product Return Request Submission for Eligible Items"]]>
              </value>
            </param>
            <param index="1">
              <value>
                <![CDATA["Product Search and Shopping Cart Management"]]>
              </value>
            </param>
          </params>
          <reporter-output>
          </reporter-output>
        </test-method> <!-- runScenario -->
        <test-method is-config="true" signature="tearDownClass()[pri:0, instance:runner.TestRunner@64df9a61]" started-at="2026-07-10T14:54:20 IST" name="tearDownClass" finished-at="2026-07-10T14:54:21 IST" duration-ms="929" status="PASS">
          <reporter-output>
          </reporter-output>
        </test-method> <!-- tearDownClass -->
      </class> <!-- runner.TestRunner -->
    </test> <!-- Surefire test -->
  </suite> <!-- Surefire suite -->
</testng-results>
