<?xml version="1.0" encoding="UTF-8"?>
<testng-results ignored="0" total="17" passed="17" failed="0" skipped="0">
  <reporter-output>
  </reporter-output>
  <suite started-at="2026-07-07T00:46:16 IST" name="Surefire suite" finished-at="2026-07-07T00:52:32 IST" duration-ms="376534">
    <groups>
      <group name="cucumber">
        <method signature="AbstractTestNGCucumberTests.runScenario(io.cucumber.testng.PickleWrapper,io.cucumber.testng.FeatureWrapper)[pri:0, instance:runner.TestRunner@3fc9dfc5]" name="runScenario" class="io.cucumber.testng.AbstractTestNGCucumberTests"/>
      </group> <!-- cucumber -->
    </groups>
    <test started-at="2026-07-07T00:46:16 IST" name="Surefire test" finished-at="2026-07-07T00:52:32 IST" duration-ms="376534">
      <class name="runner.TestRunner">
        <test-method is-config="true" signature="setUpClass(org.testng.ITestContext)[pri:0, instance:runner.TestRunner@3fc9dfc5]" started-at="2026-07-07T00:46:16 IST" name="setUpClass" finished-at="2026-07-07T00:46:17 IST" duration-ms="1525" status="PASS">
          <params>
            <param index="0">
              <value>
                <![CDATA[org.testng.TestRunner@685e5967]]>
              </value>
            </param>
          </params>
          <reporter-output>
          </reporter-output>
        </test-method> <!-- setUpClass -->
        <test-method signature="runScenario(io.cucumber.testng.PickleWrapper,io.cucumber.testng.FeatureWrapper)[pri:0, instance:runner.TestRunner@3fc9dfc5]" started-at="2026-07-07T00:46:17 IST" name="runScenario" description="Runs Cucumber Scenarios" data-provider="scenarios" finished-at="2026-07-07T00:46:40 IST" duration-ms="22727" status="PASS">
          <params>
            <param index="0">
              <value>
                <![CDATA["Search for a product and add it to the cart"]]>
              </value>
            </param>
            <param index="1">
              <value>
                <![CDATA["Product Search and Shopping Cart Management"]]>
              </value>
            </param>
          </params>
          <reporter-output>
          </reporter-output>
        </test-method> <!-- runScenario -->
        <test-method signature="runScenario(io.cucumber.testng.PickleWrapper,io.cucumber.testng.FeatureWrapper)[pri:0, instance:runner.TestRunner@3fc9dfc5]" started-at="2026-07-07T00:46:40 IST" name="runScenario" description="Runs Cucumber Scenarios" data-provider="scenarios" finished-at="2026-07-07T00:47:06 IST" duration-ms="26237" status="PASS">
          <params>
            <param index="0">
              <value>
                <![CDATA["Checkout Process with Invalid Data Handling"]]>
              </value>
            </param>
            <param index="1">
              <value>
                <![CDATA["Product Search and Shopping Cart Management"]]>
              </value>
            </param>
          </params>
          <reporter-output>
          </reporter-output>
        </test-method> <!-- runScenario -->
        <test-method signature="runScenario(io.cucumber.testng.PickleWrapper,io.cucumber.testng.FeatureWrapper)[pri:0, instance:runner.TestRunner@3fc9dfc5]" started-at="2026-07-07T00:47:06 IST" name="runScenario" description="Runs Cucumber Scenarios" data-provider="scenarios" finished-at="2026-07-07T00:47:30 IST" duration-ms="24200" status="PASS">
          <params>
            <param index="0">
              <value>
                <![CDATA["User Registration with Invalid Data Handling"]]>
              </value>
            </param>
            <param index="1">
              <value>
                <![CDATA["Product Search and Shopping Cart Management"]]>
              </value>
            </param>
          </params>
          <reporter-output>
          </reporter-output>
        </test-method> <!-- runScenario -->
        <test-method signature="runScenario(io.cucumber.testng.PickleWrapper,io.cucumber.testng.FeatureWrapper)[pri:0, instance:runner.TestRunner@3fc9dfc5]" started-at="2026-07-07T00:47:30 IST" name="runScenario" description="Runs Cucumber Scenarios" data-provider="scenarios" finished-at="2026-07-07T00:47:45 IST" duration-ms="14650" status="PASS">
          <params>
            <param index="0">
              <value>
                <![CDATA["Login with Valid & Invalid Credentials"]]>
              </value>
            </param>
            <param index="1">
              <value>
                <![CDATA["Product Search and Shopping Cart Management"]]>
              </value>
            </param>
          </params>
          <reporter-output>
          </reporter-output>
        </test-method> <!-- runScenario -->
        <test-method signature="runScenario(io.cucumber.testng.PickleWrapper,io.cucumber.testng.FeatureWrapper)[pri:0, instance:runner.TestRunner@3fc9dfc5]" started-at="2026-07-07T00:47:45 IST" name="runScenario" description="Runs Cucumber Scenarios" data-provider="scenarios" finished-at="2026-07-07T00:48:12 IST" duration-ms="26617" status="PASS">
          <params>
            <param index="0">
              <value>
                <![CDATA["Data Driven Login Validation"]]>
              </value>
            </param>
            <param index="1">
              <value>
                <![CDATA["Product Search and Shopping Cart Management"]]>
              </value>
            </param>
          </params>
          <reporter-output>
          </reporter-output>
        </test-method> <!-- runScenario -->
        <test-method signature="runScenario(io.cucumber.testng.PickleWrapper,io.cucumber.testng.FeatureWrapper)[pri:0, instance:runner.TestRunner@3fc9dfc5]" started-at="2026-07-07T00:48:12 IST" name="runScenario" description="Runs Cucumber Scenarios" data-provider="scenarios" finished-at="2026-07-07T00:48:37 IST" duration-ms="25469" status="PASS">
          <params>
            <param index="0">
              <value>
                <![CDATA["Data Driven Login Validation"]]>
              </value>
            </param>
            <param index="1">
              <value>
                <![CDATA["Product Search and Shopping Cart Management"]]>
              </value>
            </param>
          </params>
          <reporter-output>
          </reporter-output>
        </test-method> <!-- runScenario -->
        <test-method signature="runScenario(io.cucumber.testng.PickleWrapper,io.cucumber.testng.FeatureWrapper)[pri:0, instance:runner.TestRunner@3fc9dfc5]" started-at="2026-07-07T00:48:37 IST" name="runScenario" description="Runs Cucumber Scenarios" data-provider="scenarios" finished-at="2026-07-07T00:49:03 IST" duration-ms="25444" status="PASS">
          <params>
            <param index="0">
              <value>
                <![CDATA["Data Driven Login Validation"]]>
              </value>
            </param>
            <param index="1">
              <value>
                <![CDATA["Product Search and Shopping Cart Management"]]>
              </value>
            </param>
          </params>
          <reporter-output>
          </reporter-output>
        </test-method> <!-- runScenario -->
        <test-method signature="runScenario(io.cucumber.testng.PickleWrapper,io.cucumber.testng.FeatureWrapper)[pri:0, instance:runner.TestRunner@3fc9dfc5]" started-at="2026-07-07T00:49:03 IST" name="runScenario" description="Runs Cucumber Scenarios" data-provider="scenarios" finished-at="2026-07-07T00:49:28 IST" duration-ms="24838" status="PASS">
          <params>
            <param index="0">
              <value>
                <![CDATA["Data Driven Login Validation"]]>
              </value>
            </param>
            <param index="1">
              <value>
                <![CDATA["Product Search and Shopping Cart Management"]]>
              </value>
            </param>
          </params>
          <reporter-output>
          </reporter-output>
        </test-method> <!-- runScenario -->
        <test-method signature="runScenario(io.cucumber.testng.PickleWrapper,io.cucumber.testng.FeatureWrapper)[pri:0, instance:runner.TestRunner@3fc9dfc5]" started-at="2026-07-07T00:49:28 IST" name="runScenario" description="Runs Cucumber Scenarios" data-provider="scenarios" finished-at="2026-07-07T00:49:53 IST" duration-ms="25247" status="PASS">
          <params>
            <param index="0">
              <value>
                <![CDATA["Data Driven Login Validation"]]>
              </value>
            </param>
            <param index="1">
              <value>
                <![CDATA["Product Search and Shopping Cart Management"]]>
              </value>
            </param>
          </params>
          <reporter-output>
          </reporter-output>
        </test-method> <!-- runScenario -->
        <test-method signature="runScenario(io.cucumber.testng.PickleWrapper,io.cucumber.testng.FeatureWrapper)[pri:0, instance:runner.TestRunner@3fc9dfc5]" started-at="2026-07-07T00:49:53 IST" name="runScenario" description="Runs Cucumber Scenarios" data-provider="scenarios" finished-at="2026-07-07T00:50:18 IST" duration-ms="25048" status="PASS">
          <params>
            <param index="0">
              <value>
                <![CDATA["Data Driven Login Validation"]]>
              </value>
            </param>
            <param index="1">
              <value>
                <![CDATA["Product Search and Shopping Cart Management"]]>
              </value>
            </param>
          </params>
          <reporter-output>
          </reporter-output>
        </test-method> <!-- runScenario -->
        <test-method signature="runScenario(io.cucumber.testng.PickleWrapper,io.cucumber.testng.FeatureWrapper)[pri:0, instance:runner.TestRunner@3fc9dfc5]" started-at="2026-07-07T00:50:18 IST" name="runScenario" description="Runs Cucumber Scenarios" data-provider="scenarios" finished-at="2026-07-07T00:50:33 IST" duration-ms="15023" status="PASS">
          <params>
            <param index="0">
              <value>
                <![CDATA["Adding Multiple Products to Cart & Validating Cart Summary"]]>
              </value>
            </param>
            <param index="1">
              <value>
                <![CDATA["Product Search and Shopping Cart Management"]]>
              </value>
            </param>
          </params>
          <reporter-output>
          </reporter-output>
        </test-method> <!-- runScenario -->
        <test-method signature="runScenario(io.cucumber.testng.PickleWrapper,io.cucumber.testng.FeatureWrapper)[pri:0, instance:runner.TestRunner@3fc9dfc5]" started-at="2026-07-07T00:50:33 IST" name="runScenario" description="Runs Cucumber Scenarios" data-provider="scenarios" finished-at="2026-07-07T00:51:20 IST" duration-ms="47568" status="PASS">
          <params>
            <param index="0">
              <value>
                <![CDATA["Perform Check-out with Coupon Discount Verification"]]>
              </value>
            </param>
            <param index="1">
              <value>
                <![CDATA["Product Search and Shopping Cart Management"]]>
              </value>
            </param>
          </params>
          <reporter-output>
          </reporter-output>
        </test-method> <!-- runScenario -->
        <test-method signature="runScenario(io.cucumber.testng.PickleWrapper,io.cucumber.testng.FeatureWrapper)[pri:0, instance:runner.TestRunner@3fc9dfc5]" started-at="2026-07-07T00:51:20 IST" name="runScenario" description="Runs Cucumber Scenarios" data-provider="scenarios" finished-at="2026-07-07T00:51:33 IST" duration-ms="12527" status="PASS">
          <params>
            <param index="0">
              <value>
                <![CDATA["Logging Out and Verifying Session End"]]>
              </value>
            </param>
            <param index="1">
              <value>
                <![CDATA["Product Search and Shopping Cart Management"]]>
              </value>
            </param>
          </params>
          <reporter-output>
          </reporter-output>
        </test-method> <!-- runScenario -->
        <test-method signature="runScenario(io.cucumber.testng.PickleWrapper,io.cucumber.testng.FeatureWrapper)[pri:0, instance:runner.TestRunner@3fc9dfc5]" started-at="2026-07-07T00:51:33 IST" name="runScenario" description="Runs Cucumber Scenarios" data-provider="scenarios" finished-at="2026-07-07T00:51:46 IST" duration-ms="13457" status="PASS">
          <params>
            <param index="0">
              <value>
                <![CDATA["Forgot Password Password Recovery Process"]]>
              </value>
            </param>
            <param index="1">
              <value>
                <![CDATA["Product Search and Shopping Cart Management"]]>
              </value>
            </param>
          </params>
          <reporter-output>
          </reporter-output>
        </test-method> <!-- runScenario -->
        <test-method signature="runScenario(io.cucumber.testng.PickleWrapper,io.cucumber.testng.FeatureWrapper)[pri:0, instance:runner.TestRunner@3fc9dfc5]" started-at="2026-07-07T00:51:46 IST" name="runScenario" description="Runs Cucumber Scenarios" data-provider="scenarios" finished-at="2026-07-07T00:52:16 IST" duration-ms="29584" status="PASS">
          <params>
            <param index="0">
              <value>
                <![CDATA["Update Shopping Cart Quantity Controls and Product Removal"]]>
              </value>
            </param>
            <param index="1">
              <value>
                <![CDATA["Product Search and Shopping Cart Management"]]>
              </value>
            </param>
          </params>
          <reporter-output>
          </reporter-output>
        </test-method> <!-- runScenario -->
        <test-method signature="runScenario(io.cucumber.testng.PickleWrapper,io.cucumber.testng.FeatureWrapper)[pri:0, instance:runner.TestRunner@3fc9dfc5]" started-at="2026-07-07T00:52:16 IST" name="runScenario" description="Runs Cucumber Scenarios" data-provider="scenarios" finished-at="2026-07-07T00:52:24 IST" duration-ms="7712" status="PASS">
          <params>
            <param index="0">
              <value>
                <![CDATA["Wishlist Operations for Authenticated Users"]]>
              </value>
            </param>
            <param index="1">
              <value>
                <![CDATA["Product Search and Shopping Cart Management"]]>
              </value>
            </param>
          </params>
          <reporter-output>
          </reporter-output>
        </test-method> <!-- runScenario -->
        <test-method signature="runScenario(io.cucumber.testng.PickleWrapper,io.cucumber.testng.FeatureWrapper)[pri:0, instance:runner.TestRunner@3fc9dfc5]" started-at="2026-07-07T00:52:24 IST" name="runScenario" description="Runs Cucumber Scenarios" data-provider="scenarios" finished-at="2026-07-07T00:52:31 IST" duration-ms="7608" status="PASS">
          <params>
            <param index="0">
              <value>
                <![CDATA["Product Comparison Engine Operations"]]>
              </value>
            </param>
            <param index="1">
              <value>
                <![CDATA["Product Search and Shopping Cart Management"]]>
              </value>
            </param>
          </params>
          <reporter-output>
          </reporter-output>
        </test-method> <!-- runScenario -->
        <test-method is-config="true" signature="tearDownClass()[pri:0, instance:runner.TestRunner@3fc9dfc5]" started-at="2026-07-07T00:52:31 IST" name="tearDownClass" finished-at="2026-07-07T00:52:32 IST" duration-ms="956" status="PASS">
          <reporter-output>
          </reporter-output>
        </test-method> <!-- tearDownClass -->
        <test-method is-config="true" signature="closeGlobalBrowserSession()[pri:0, instance:runner.TestRunner@3fc9dfc5]" started-at="2026-07-07T00:52:32 IST" name="closeGlobalBrowserSession" finished-at="2026-07-07T00:52:33 IST" duration-ms="467" status="PASS">
          <reporter-output>
          </reporter-output>
        </test-method> <!-- closeGlobalBrowserSession -->
      </class> <!-- runner.TestRunner -->
    </test> <!-- Surefire test -->
  </suite> <!-- Surefire suite -->
</testng-results>
