<?xml version="1.0" encoding="UTF-8"?>
<testng-results ignored="0" total="29" passed="29" failed="0" skipped="0">
  <reporter-output>
  </reporter-output>
  <suite started-at="2026-07-10T10:37:12 IST" name="Default suite" finished-at="2026-07-10T10:47:35 IST" duration-ms="622715">
    <groups>
      <group name="cucumber">
        <method signature="AbstractTestNGCucumberTests.runScenario(io.cucumber.testng.PickleWrapper,io.cucumber.testng.FeatureWrapper)[pri:0, instance:runner.TestRunner@3f19b8b3]" name="runScenario" class="io.cucumber.testng.AbstractTestNGCucumberTests"/>
      </group> <!-- cucumber -->
    </groups>
    <test started-at="2026-07-10T10:37:12 IST" name="Default test" finished-at="2026-07-10T10:47:35 IST" duration-ms="622715">
      <class name="runner.TestRunner">
        <test-method is-config="true" signature="setUpClass(org.testng.ITestContext)[pri:0, instance:runner.TestRunner@3f19b8b3]" started-at="2026-07-10T10:37:12 IST" name="setUpClass" finished-at="2026-07-10T10:37:19 IST" duration-ms="6420" status="PASS">
          <params>
            <param index="0">
              <value>
                <![CDATA[org.testng.TestRunner@4135b7f9]]>
              </value>
            </param>
          </params>
          <reporter-output>
          </reporter-output>
        </test-method> <!-- setUpClass -->
        <test-method signature="runScenario(io.cucumber.testng.PickleWrapper,io.cucumber.testng.FeatureWrapper)[pri:0, instance:runner.TestRunner@3f19b8b3]" started-at="2026-07-10T10:37:19 IST" name="runScenario" description="Runs Cucumber Scenarios" data-provider="scenarios" finished-at="2026-07-10T10:37:38 IST" duration-ms="19269" status="PASS">
          <params>
            <param index="0">
              <value>
                <![CDATA["Search for a product and add it to the cart"]]>
              </value>
            </param>
            <param index="1">
              <value>
                <![CDATA["Product Search and Shopping Cart Management"]]>
              </value>
            </param>
          </params>
          <reporter-output>
          </reporter-output>
        </test-method> <!-- runScenario -->
        <test-method signature="runScenario(io.cucumber.testng.PickleWrapper,io.cucumber.testng.FeatureWrapper)[pri:0, instance:runner.TestRunner@3f19b8b3]" started-at="2026-07-10T10:37:38 IST" name="runScenario" description="Runs Cucumber Scenarios" data-provider="scenarios" finished-at="2026-07-10T10:38:02 IST" duration-ms="24418" status="PASS">
          <params>
            <param index="0">
              <value>
                <![CDATA["Checkout Process with Invalid Data Handling"]]>
              </value>
            </param>
            <param index="1">
              <value>
                <![CDATA["Product Search and Shopping Cart Management"]]>
              </value>
            </param>
          </params>
          <reporter-output>
          </reporter-output>
        </test-method> <!-- runScenario -->
        <test-method signature="runScenario(io.cucumber.testng.PickleWrapper,io.cucumber.testng.FeatureWrapper)[pri:0, instance:runner.TestRunner@3f19b8b3]" started-at="2026-07-10T10:38:02 IST" name="runScenario" description="Runs Cucumber Scenarios" data-provider="scenarios" finished-at="2026-07-10T10:38:26 IST" duration-ms="23805" status="PASS">
          <params>
            <param index="0">
              <value>
                <![CDATA["User Registration with Invalid Data Handling"]]>
              </value>
            </param>
            <param index="1">
              <value>
                <![CDATA["Product Search and Shopping Cart Management"]]>
              </value>
            </param>
          </params>
          <reporter-output>
          </reporter-output>
        </test-method> <!-- runScenario -->
        <test-method signature="runScenario(io.cucumber.testng.PickleWrapper,io.cucumber.testng.FeatureWrapper)[pri:0, instance:runner.TestRunner@3f19b8b3]" started-at="2026-07-10T10:38:26 IST" name="runScenario" description="Runs Cucumber Scenarios" data-provider="scenarios" finished-at="2026-07-10T10:38:40 IST" duration-ms="14315" status="PASS">
          <params>
            <param index="0">
              <value>
                <![CDATA["Login with Valid & Invalid Credentials"]]>
              </value>
            </param>
            <param index="1">
              <value>
                <![CDATA["Product Search and Shopping Cart Management"]]>
              </value>
            </param>
          </params>
          <reporter-output>
          </reporter-output>
        </test-method> <!-- runScenario -->
        <test-method signature="runScenario(io.cucumber.testng.PickleWrapper,io.cucumber.testng.FeatureWrapper)[pri:0, instance:runner.TestRunner@3f19b8b3]" started-at="2026-07-10T10:38:40 IST" name="runScenario" description="Runs Cucumber Scenarios" data-provider="scenarios" finished-at="2026-07-10T10:39:08 IST" duration-ms="27102" status="PASS">
          <params>
            <param index="0">
              <value>
                <![CDATA["Data Driven Login Validation"]]>
              </value>
            </param>
            <param index="1">
              <value>
                <![CDATA["Product Search and Shopping Cart Management"]]>
              </value>
            </param>
          </params>
          <reporter-output>
          </reporter-output>
        </test-method> <!-- runScenario -->
        <test-method signature="runScenario(io.cucumber.testng.PickleWrapper,io.cucumber.testng.FeatureWrapper)[pri:0, instance:runner.TestRunner@3f19b8b3]" started-at="2026-07-10T10:39:08 IST" name="runScenario" description="Runs Cucumber Scenarios" data-provider="scenarios" finished-at="2026-07-10T10:39:33 IST" duration-ms="25467" status="PASS">
          <params>
            <param index="0">
              <value>
                <![CDATA["Data Driven Login Validation"]]>
              </value>
            </param>
            <param index="1">
              <value>
                <![CDATA["Product Search and Shopping Cart Management"]]>
              </value>
            </param>
          </params>
          <reporter-output>
          </reporter-output>
        </test-method> <!-- runScenario -->
        <test-method signature="runScenario(io.cucumber.testng.PickleWrapper,io.cucumber.testng.FeatureWrapper)[pri:0, instance:runner.TestRunner@3f19b8b3]" started-at="2026-07-10T10:39:33 IST" name="runScenario" description="Runs Cucumber Scenarios" data-provider="scenarios" finished-at="2026-07-10T10:39:58 IST" duration-ms="24725" status="PASS">
          <params>
            <param index="0">
              <value>
                <![CDATA["Data Driven Login Validation"]]>
              </value>
            </param>
            <param index="1">
              <value>
                <![CDATA["Product Search and Shopping Cart Management"]]>
              </value>
            </param>
          </params>
          <reporter-output>
          </reporter-output>
        </test-method> <!-- runScenario -->
        <test-method signature="runScenario(io.cucumber.testng.PickleWrapper,io.cucumber.testng.FeatureWrapper)[pri:0, instance:runner.TestRunner@3f19b8b3]" started-at="2026-07-10T10:39:58 IST" name="runScenario" description="Runs Cucumber Scenarios" data-provider="scenarios" finished-at="2026-07-10T10:40:23 IST" duration-ms="24752" status="PASS">
          <params>
            <param index="0">
              <value>
                <![CDATA["Data Driven Login Validation"]]>
              </value>
            </param>
            <param index="1">
              <value>
                <![CDATA["Product Search and Shopping Cart Management"]]>
              </value>
            </param>
          </params>
          <reporter-output>
          </reporter-output>
        </test-method> <!-- runScenario -->
        <test-method signature="runScenario(io.cucumber.testng.PickleWrapper,io.cucumber.testng.FeatureWrapper)[pri:0, instance:runner.TestRunner@3f19b8b3]" started-at="2026-07-10T10:40:23 IST" name="runScenario" description="Runs Cucumber Scenarios" data-provider="scenarios" finished-at="2026-07-10T10:40:47 IST" duration-ms="24658" status="PASS">
          <params>
            <param index="0">
              <value>
                <![CDATA["Data Driven Login Validation"]]>
              </value>
            </param>
            <param index="1">
              <value>
                <![CDATA["Product Search and Shopping Cart Management"]]>
              </value>
            </param>
          </params>
          <reporter-output>
          </reporter-output>
        </test-method> <!-- runScenario -->
        <test-method signature="runScenario(io.cucumber.testng.PickleWrapper,io.cucumber.testng.FeatureWrapper)[pri:0, instance:runner.TestRunner@3f19b8b3]" started-at="2026-07-10T10:40:47 IST" name="runScenario" description="Runs Cucumber Scenarios" data-provider="scenarios" finished-at="2026-07-10T10:41:12 IST" duration-ms="24560" status="PASS">
          <params>
            <param index="0">
              <value>
                <![CDATA["Data Driven Login Validation"]]>
              </value>
            </param>
            <param index="1">
              <value>
                <![CDATA["Product Search and Shopping Cart Management"]]>
              </value>
            </param>
          </params>
          <reporter-output>
          </reporter-output>
        </test-method> <!-- runScenario -->
        <test-method signature="runScenario(io.cucumber.testng.PickleWrapper,io.cucumber.testng.FeatureWrapper)[pri:0, instance:runner.TestRunner@3f19b8b3]" started-at="2026-07-10T10:41:12 IST" name="runScenario" description="Runs Cucumber Scenarios" data-provider="scenarios" finished-at="2026-07-10T10:41:30 IST" duration-ms="17962" status="PASS">
          <params>
            <param index="0">
              <value>
                <![CDATA["Adding Multiple Products to Cart & Validating Cart Summary"]]>
              </value>
            </param>
            <param index="1">
              <value>
                <![CDATA["Product Search and Shopping Cart Management"]]>
              </value>
            </param>
          </params>
          <reporter-output>
          </reporter-output>
        </test-method> <!-- runScenario -->
        <test-method signature="runScenario(io.cucumber.testng.PickleWrapper,io.cucumber.testng.FeatureWrapper)[pri:0, instance:runner.TestRunner@3f19b8b3]" started-at="2026-07-10T10:41:30 IST" name="runScenario" description="Runs Cucumber Scenarios" data-provider="scenarios" finished-at="2026-07-10T10:42:17 IST" duration-ms="47784" status="PASS">
          <params>
            <param index="0">
              <value>
                <![CDATA["Perform Check-out with Coupon Discount Verification"]]>
              </value>
            </param>
            <param index="1">
              <value>
                <![CDATA["Product Search and Shopping Cart Management"]]>
              </value>
            </param>
          </params>
          <reporter-output>
          </reporter-output>
        </test-method> <!-- runScenario -->
        <test-method signature="runScenario(io.cucumber.testng.PickleWrapper,io.cucumber.testng.FeatureWrapper)[pri:0, instance:runner.TestRunner@3f19b8b3]" started-at="2026-07-10T10:42:17 IST" name="runScenario" description="Runs Cucumber Scenarios" data-provider="scenarios" finished-at="2026-07-10T10:42:30 IST" duration-ms="12292" status="PASS">
          <params>
            <param index="0">
              <value>
                <![CDATA["Logging Out and Verifying Session End"]]>
              </value>
            </param>
            <param index="1">
              <value>
                <![CDATA["Product Search and Shopping Cart Management"]]>
              </value>
            </param>
          </params>
          <reporter-output>
          </reporter-output>
        </test-method> <!-- runScenario -->
        <test-method signature="runScenario(io.cucumber.testng.PickleWrapper,io.cucumber.testng.FeatureWrapper)[pri:0, instance:runner.TestRunner@3f19b8b3]" started-at="2026-07-10T10:42:30 IST" name="runScenario" description="Runs Cucumber Scenarios" data-provider="scenarios" finished-at="2026-07-10T10:42:43 IST" duration-ms="13300" status="PASS">
          <params>
            <param index="0">
              <value>
                <![CDATA["Forgot Password Password Recovery Process"]]>
              </value>
            </param>
            <param index="1">
              <value>
                <![CDATA["Product Search and Shopping Cart Management"]]>
              </value>
            </param>
          </params>
          <reporter-output>
          </reporter-output>
        </test-method> <!-- runScenario -->
        <test-method signature="runScenario(io.cucumber.testng.PickleWrapper,io.cucumber.testng.FeatureWrapper)[pri:0, instance:runner.TestRunner@3f19b8b3]" started-at="2026-07-10T10:42:43 IST" name="runScenario" description="Runs Cucumber Scenarios" data-provider="scenarios" finished-at="2026-07-10T10:43:12 IST" duration-ms="29277" status="PASS">
          <params>
            <param index="0">
              <value>
                <![CDATA["Update Shopping Cart Quantity Controls and Product Removal"]]>
              </value>
            </param>
            <param index="1">
              <value>
                <![CDATA["Product Search and Shopping Cart Management"]]>
              </value>
            </param>
          </params>
          <reporter-output>
          </reporter-output>
        </test-method> <!-- runScenario -->
        <test-method signature="runScenario(io.cucumber.testng.PickleWrapper,io.cucumber.testng.FeatureWrapper)[pri:0, instance:runner.TestRunner@3f19b8b3]" started-at="2026-07-10T10:43:12 IST" name="runScenario" description="Runs Cucumber Scenarios" data-provider="scenarios" finished-at="2026-07-10T10:43:20 IST" duration-ms="7796" status="PASS">
          <params>
            <param index="0">
              <value>
                <![CDATA["Wishlist Operations for Authenticated Users"]]>
              </value>
            </param>
            <param index="1">
              <value>
                <![CDATA["Product Search and Shopping Cart Management"]]>
              </value>
            </param>
          </params>
          <reporter-output>
          </reporter-output>
        </test-method> <!-- runScenario -->
        <test-method signature="runScenario(io.cucumber.testng.PickleWrapper,io.cucumber.testng.FeatureWrapper)[pri:0, instance:runner.TestRunner@3f19b8b3]" started-at="2026-07-10T10:43:20 IST" name="runScenario" description="Runs Cucumber Scenarios" data-provider="scenarios" finished-at="2026-07-10T10:43:29 IST" duration-ms="8758" status="PASS">
          <params>
            <param index="0">
              <value>
                <![CDATA["Product Comparison Engine Operations"]]>
              </value>
            </param>
            <param index="1">
              <value>
                <![CDATA["Product Search and Shopping Cart Management"]]>
              </value>
            </param>
          </params>
          <reporter-output>
          </reporter-output>
        </test-method> <!-- runScenario -->
        <test-method signature="runScenario(io.cucumber.testng.PickleWrapper,io.cucumber.testng.FeatureWrapper)[pri:0, instance:runner.TestRunner@3f19b8b3]" started-at="2026-07-10T10:43:29 IST" name="runScenario" description="Runs Cucumber Scenarios" data-provider="scenarios" finished-at="2026-07-10T10:44:07 IST" duration-ms="38132" status="PASS">
          <params>
            <param index="0">
              <value>
                <![CDATA["Registered User Checkout Process Completion via Gateway Registration"]]>
              </value>
            </param>
            <param index="1">
              <value>
                <![CDATA["Product Search and Shopping Cart Management"]]>
              </value>
            </param>
          </params>
          <reporter-output>
          </reporter-output>
        </test-method> <!-- runScenario -->
        <test-method signature="runScenario(io.cucumber.testng.PickleWrapper,io.cucumber.testng.FeatureWrapper)[pri:0, instance:runner.TestRunner@3f19b8b3]" started-at="2026-07-10T10:44:07 IST" name="runScenario" description="Runs Cucumber Scenarios" data-provider="scenarios" finished-at="2026-07-10T10:44:42 IST" duration-ms="35411" status="PASS">
          <params>
            <param index="0">
              <value>
                <![CDATA["Checkout with New Shipping Address Configuration"]]>
              </value>
            </param>
            <param index="1">
              <value>
                <![CDATA["Product Search and Shopping Cart Management"]]>
              </value>
            </param>
          </params>
          <reporter-output>
          </reporter-output>
        </test-method> <!-- runScenario -->
        <test-method signature="runScenario(io.cucumber.testng.PickleWrapper,io.cucumber.testng.FeatureWrapper)[pri:0, instance:runner.TestRunner@3f19b8b3]" started-at="2026-07-10T10:44:42 IST" name="runScenario" description="Runs Cucumber Scenarios" data-provider="scenarios" finished-at="2026-07-10T10:45:19 IST" duration-ms="36555" status="PASS">
          <params>
            <param index="0">
              <value>
                <![CDATA["Checkout with Different Billing & Shipping Address Setup"]]>
              </value>
            </param>
            <param index="1">
              <value>
                <![CDATA["Product Search and Shopping Cart Management"]]>
              </value>
            </param>
          </params>
          <reporter-output>
          </reporter-output>
        </test-method> <!-- runScenario -->
        <test-method signature="runScenario(io.cucumber.testng.PickleWrapper,io.cucumber.testng.FeatureWrapper)[pri:0, instance:runner.TestRunner@3f19b8b3]" started-at="2026-07-10T10:45:19 IST" name="runScenario" description="Runs Cucumber Scenarios" data-provider="scenarios" finished-at="2026-07-10T10:45:57 IST" duration-ms="38303" status="PASS">
          <params>
            <param index="0">
              <value>
                <![CDATA["Verify Order History and Invoice Validation after placing order"]]>
              </value>
            </param>
            <param index="1">
              <value>
                <![CDATA["Product Search and Shopping Cart Management"]]>
              </value>
            </param>
          </params>
          <reporter-output>
          </reporter-output>
        </test-method> <!-- runScenario -->
        <test-method signature="runScenario(io.cucumber.testng.PickleWrapper,io.cucumber.testng.FeatureWrapper)[pri:0, instance:runner.TestRunner@3f19b8b3]" started-at="2026-07-10T10:45:57 IST" name="runScenario" description="Runs Cucumber Scenarios" data-provider="scenarios" finished-at="2026-07-10T10:46:04 IST" duration-ms="6683" status="PASS">
          <params>
            <param index="0">
              <value>
                <![CDATA["My Account Management - Update Personal Details"]]>
              </value>
            </param>
            <param index="1">
              <value>
                <![CDATA["Product Search and Shopping Cart Management"]]>
              </value>
            </param>
          </params>
          <reporter-output>
          </reporter-output>
        </test-method> <!-- runScenario -->
        <test-method signature="runScenario(io.cucumber.testng.PickleWrapper,io.cucumber.testng.FeatureWrapper)[pri:0, instance:runner.TestRunner@3f19b8b3]" started-at="2026-07-10T10:46:04 IST" name="runScenario" description="Runs Cucumber Scenarios" data-provider="scenarios" finished-at="2026-07-10T10:46:10 IST" duration-ms="5699" status="PASS">
          <params>
            <param index="0">
              <value>
                <![CDATA["Newsletter Subscription Management"]]>
              </value>
            </param>
            <param index="1">
              <value>
                <![CDATA["Product Search and Shopping Cart Management"]]>
              </value>
            </param>
          </params>
          <reporter-output>
          </reporter-output>
        </test-method> <!-- runScenario -->
        <test-method signature="runScenario(io.cucumber.testng.PickleWrapper,io.cucumber.testng.FeatureWrapper)[pri:0, instance:runner.TestRunner@3f19b8b3]" started-at="2026-07-10T10:46:10 IST" name="runScenario" description="Runs Cucumber Scenarios" data-provider="scenarios" finished-at="2026-07-10T10:46:12 IST" duration-ms="2419" status="PASS">
          <params>
            <param index="0">
              <value>
                <![CDATA["Submit Contact Us Form Successfully"]]>
              </value>
            </param>
            <param index="1">
              <value>
                <![CDATA["Product Search and Shopping Cart Management"]]>
              </value>
            </param>
          </params>
          <reporter-output>
          </reporter-output>
        </test-method> <!-- runScenario -->
        <test-method signature="runScenario(io.cucumber.testng.PickleWrapper,io.cucumber.testng.FeatureWrapper)[pri:0, instance:runner.TestRunner@3f19b8b3]" started-at="2026-07-10T10:46:12 IST" name="runScenario" description="Runs Cucumber Scenarios" data-provider="scenarios" finished-at="2026-07-10T10:46:20 IST" duration-ms="7690" status="PASS">
          <params>
            <param index="0">
              <value>
                <![CDATA["Category Navigation Through Categories and Subcategories"]]>
              </value>
            </param>
            <param index="1">
              <value>
                <![CDATA["Product Search and Shopping Cart Management"]]>
              </value>
            </param>
          </params>
          <reporter-output>
          </reporter-output>
        </test-method> <!-- runScenario -->
        <test-method signature="runScenario(io.cucumber.testng.PickleWrapper,io.cucumber.testng.FeatureWrapper)[pri:0, instance:runner.TestRunner@3f19b8b3]" started-at="2026-07-10T10:46:20 IST" name="runScenario" description="Runs Cucumber Scenarios" data-provider="scenarios" finished-at="2026-07-10T10:46:32 IST" duration-ms="11910" status="PASS">
          <params>
            <param index="0">
              <value>
                <![CDATA["Product Sorting Validation"]]>
              </value>
            </param>
            <param index="1">
              <value>
                <![CDATA["Product Search and Shopping Cart Management"]]>
              </value>
            </param>
          </params>
          <reporter-output>
          </reporter-output>
        </test-method> <!-- runScenario -->
        <test-method signature="runScenario(io.cucumber.testng.PickleWrapper,io.cucumber.testng.FeatureWrapper)[pri:0, instance:runner.TestRunner@3f19b8b3]" started-at="2026-07-10T10:46:32 IST" name="runScenario" description="Runs Cucumber Scenarios" data-provider="scenarios" finished-at="2026-07-10T10:46:35 IST" duration-ms="3214" status="PASS">
          <params>
            <param index="0">
              <value>
                <![CDATA["Product Filter Validation"]]>
              </value>
            </param>
            <param index="1">
              <value>
                <![CDATA["Product Search and Shopping Cart Management"]]>
              </value>
            </param>
          </params>
          <reporter-output>
          </reporter-output>
        </test-method> <!-- runScenario -->
        <test-method signature="runScenario(io.cucumber.testng.PickleWrapper,io.cucumber.testng.FeatureWrapper)[pri:0, instance:runner.TestRunner@3f19b8b3]" started-at="2026-07-10T10:46:35 IST" name="runScenario" description="Runs Cucumber Scenarios" data-provider="scenarios" finished-at="2026-07-10T10:46:46 IST" duration-ms="10581" status="PASS">
          <params>
            <param index="0">
              <value>
                <![CDATA["Recently Viewed Products Validation Engine"]]>
              </value>
            </param>
            <param index="1">
              <value>
                <![CDATA["Product Search and Shopping Cart Management"]]>
              </value>
            </param>
          </params>
          <reporter-output>
          </reporter-output>
        </test-method> <!-- runScenario -->
        <test-method signature="runScenario(io.cucumber.testng.PickleWrapper,io.cucumber.testng.FeatureWrapper)[pri:0, instance:runner.TestRunner@3f19b8b3]" started-at="2026-07-10T10:46:46 IST" name="runScenario" description="Runs Cucumber Scenarios" data-provider="scenarios" finished-at="2026-07-10T10:47:32 IST" duration-ms="46938" status="PASS">
          <params>
            <param index="0">
              <value>
                <![CDATA["Product Return Request Submission for Eligible Items"]]>
              </value>
            </param>
            <param index="1">
              <value>
                <![CDATA["Product Search and Shopping Cart Management"]]>
              </value>
            </param>
          </params>
          <reporter-output>
          </reporter-output>
        </test-method> <!-- runScenario -->
        <test-method is-config="true" signature="tearDownClass()[pri:0, instance:runner.TestRunner@3f19b8b3]" started-at="2026-07-10T10:47:32 IST" name="tearDownClass" finished-at="2026-07-10T10:47:35 IST" duration-ms="2341" status="PASS">
          <reporter-output>
          </reporter-output>
        </test-method> <!-- tearDownClass -->
      </class> <!-- runner.TestRunner -->
    </test> <!-- Default test -->
  </suite> <!-- Default suite -->
</testng-results>
