<?xml version="1.0" encoding="UTF-8"?>
<testng-results ignored="0" total="1" passed="1" failed="0" skipped="0">
  <reporter-output>
  </reporter-output>
  <suite started-at="2026-07-02T15:50:06 IST" name="Default suite" finished-at="2026-07-02T15:50:30 IST" duration-ms="23188">
    <groups>
      <group name="cucumber">
        <method signature="AbstractTestNGCucumberTests.runScenario(io.cucumber.testng.PickleWrapper,io.cucumber.testng.FeatureWrapper)[pri:0, instance:runner.TestRunner@4c309d4d]" name="runScenario" class="io.cucumber.testng.AbstractTestNGCucumberTests"/>
      </group> <!-- cucumber -->
    </groups>
    <test started-at="2026-07-02T15:50:06 IST" name="Default test" finished-at="2026-07-02T15:50:30 IST" duration-ms="23188">
      <class name="runner.TestRunner">
        <test-method is-config="true" signature="setUpClass(org.testng.ITestContext)[pri:0, instance:runner.TestRunner@4c309d4d]" started-at="2026-07-02T15:50:07 IST" name="setUpClass" finished-at="2026-07-02T15:50:09 IST" duration-ms="2924" status="PASS">
          <params>
            <param index="0">
              <value>
                <![CDATA[org.testng.TestRunner@56e9a474]]>
              </value>
            </param>
          </params>
          <reporter-output>
          </reporter-output>
        </test-method> <!-- setUpClass -->
        <test-method signature="runScenario(io.cucumber.testng.PickleWrapper,io.cucumber.testng.FeatureWrapper)[pri:0, instance:runner.TestRunner@4c309d4d]" started-at="2026-07-02T15:50:10 IST" name="runScenario" description="Runs Cucumber Scenarios" data-provider="scenarios" finished-at="2026-07-02T15:50:29 IST" duration-ms="19725" status="PASS">
          <params>
            <param index="0">
              <value>
                <![CDATA["Category Navigation Through Categories and Subcategories"]]>
              </value>
            </param>
            <param index="1">
              <value>
                <![CDATA["Product Search and Shopping Cart Management"]]>
              </value>
            </param>
          </params>
          <reporter-output>
          </reporter-output>
        </test-method> <!-- runScenario -->
        <test-method is-config="true" signature="tearDownClass()[pri:0, instance:runner.TestRunner@4c309d4d]" started-at="2026-07-02T15:50:29 IST" name="tearDownClass" finished-at="2026-07-02T15:50:30 IST" duration-ms="396" status="PASS">
          <reporter-output>
          </reporter-output>
        </test-method> <!-- tearDownClass -->
        <test-method is-config="true" signature="closeGlobalBrowserSession()[pri:0, instance:runner.TestRunner@4c309d4d]" started-at="2026-07-02T15:50:30 IST" name="closeGlobalBrowserSession" finished-at="2026-07-02T15:50:32 IST" duration-ms="2642" status="PASS">
          <reporter-output>
          </reporter-output>
        </test-method> <!-- closeGlobalBrowserSession -->
      </class> <!-- runner.TestRunner -->
    </test> <!-- Default test -->
  </suite> <!-- Default suite -->
</testng-results>
