<?xml version="1.0" encoding="UTF-8"?>
<!-- Generated by org.testng.reporters.JUnitReportReporter -->
<testsuite hostname="APL-JWTQT24" failures="0" tests="29" name="runner.TestRunner" time="613.775" errors="0" timestamp="2026-07-10T10:47:35 IST" skipped="0">
  <testcase classname="runner.TestRunner" name="runScenario" time="5.699"/>
  <testcase classname="runner.TestRunner" name="runScenario" time="46.938"/>
  <testcase classname="runner.TestRunner" name="runScenario" time="8.758"/>
  <testcase classname="runner.TestRunner" name="runScenario" time="24.560"/>
  <testcase classname="runner.TestRunner" name="runScenario" time="27.102"/>
  <testcase classname="runner.TestRunner" name="runScenario" time="25.467"/>
  <testcase classname="runner.TestRunner" name="runScenario" time="24.658"/>
  <testcase classname="runner.TestRunner" name="runScenario" time="17.962"/>
  <testcase classname="runner.TestRunner" name="runScenario" time="24.418"/>
  <testcase classname="runner.TestRunner" name="runScenario" time="2.419"/>
  <testcase classname="runner.TestRunner" name="runScenario" time="23.805"/>
  <testcase classname="runner.TestRunner" name="runScenario" time="12.292"/>
  <testcase classname="runner.TestRunner" name="runScenario" time="3.214"/>
  <testcase classname="runner.TestRunner" name="runScenario" time="24.725"/>
  <testcase classname="runner.TestRunner" name="runScenario" time="13.300"/>
  <testcase classname="runner.TestRunner" name="runScenario" time="10.581"/>
  <testcase classname="runner.TestRunner" name="runScenario" time="36.555"/>
  <testcase classname="runner.TestRunner" name="runScenario" time="19.269"/>
  <testcase classname="runner.TestRunner" name="runScenario" time="24.752"/>
  <testcase classname="runner.TestRunner" name="runScenario" time="38.303"/>
  <testcase classname="runner.TestRunner" name="runScenario" time="47.784"/>
  <testcase classname="runner.TestRunner" name="runScenario" time="7.796"/>
  <testcase classname="runner.TestRunner" name="runScenario" time="35.411"/>
  <testcase classname="runner.TestRunner" name="runScenario" time="14.315"/>
  <testcase classname="runner.TestRunner" name="runScenario" time="29.277"/>
  <testcase classname="runner.TestRunner" name="runScenario" time="38.132"/>
  <testcase classname="runner.TestRunner" name="runScenario" time="11.910"/>
  <testcase classname="runner.TestRunner" name="runScenario" time="6.683"/>
  <testcase classname="runner.TestRunner" name="runScenario" time="7.690"/>
</testsuite> <!-- runner.TestRunner -->
