<?xml version="1.0" encoding="UTF-8"?>
<!-- Generated by org.testng.reporters.JUnitReportReporter -->
<testsuite hostname="APL-JWTQT24" failures="0" tests="29" name="runner.TestRunner" time="670.402" errors="0" timestamp="2026-07-08T15:38:46 IST" skipped="0">
  <testcase classname="runner.TestRunner" name="runScenario" time="3.764"/>
  <testcase classname="runner.TestRunner" name="runScenario" time="27.908"/>
  <testcase classname="runner.TestRunner" name="runScenario" time="25.477"/>
  <testcase classname="runner.TestRunner" name="runScenario" time="24.935"/>
  <testcase classname="runner.TestRunner" name="runScenario" time="44.800"/>
  <testcase classname="runner.TestRunner" name="runScenario" time="30.546"/>
  <testcase classname="runner.TestRunner" name="runScenario" time="25.405"/>
  <testcase classname="runner.TestRunner" name="runScenario" time="39.183"/>
  <testcase classname="runner.TestRunner" name="runScenario" time="48.518"/>
  <testcase classname="runner.TestRunner" name="runScenario" time="14.132"/>
  <testcase classname="runner.TestRunner" name="runScenario" time="6.513"/>
  <testcase classname="runner.TestRunner" name="runScenario" time="15.302"/>
  <testcase classname="runner.TestRunner" name="runScenario" time="11.926"/>
  <testcase classname="runner.TestRunner" name="runScenario" time="8.979"/>
  <testcase classname="runner.TestRunner" name="runScenario" time="27.724"/>
  <testcase classname="runner.TestRunner" name="runScenario" time="15.631"/>
  <testcase classname="runner.TestRunner" name="runScenario" time="25.070"/>
  <testcase classname="runner.TestRunner" name="runScenario" time="13.574"/>
  <testcase classname="runner.TestRunner" name="runScenario" time="6.169"/>
  <testcase classname="runner.TestRunner" name="runScenario" time="32.207"/>
  <testcase classname="runner.TestRunner" name="runScenario" time="24.999"/>
  <testcase classname="runner.TestRunner" name="runScenario" time="25.492"/>
  <testcase classname="runner.TestRunner" name="runScenario" time="43.956"/>
  <testcase classname="runner.TestRunner" name="runScenario" time="17.033"/>
  <testcase classname="runner.TestRunner" name="runScenario" time="39.708"/>
  <testcase classname="runner.TestRunner" name="runScenario" time="3.893"/>
  <testcase classname="runner.TestRunner" name="runScenario" time="7.861"/>
  <testcase classname="runner.TestRunner" name="runScenario" time="11.823"/>
  <testcase classname="runner.TestRunner" name="runScenario" time="47.874"/>
</testsuite> <!-- runner.TestRunner -->
