<?xml version="1.0" encoding="UTF-8"?>
<!-- Generated by org.testng.reporters.JUnitReportReporter -->
<testsuite hostname="APL-JWTQT24" failures="0" tests="17" name="runner.TestRunner" time="373.956" errors="0" timestamp="2026-07-07T00:52:33 IST" skipped="0">
  <testcase classname="runner.TestRunner" name="runScenario" time="24.838"/>
  <testcase classname="runner.TestRunner" name="runScenario" time="22.727"/>
  <testcase classname="runner.TestRunner" name="runScenario" time="25.469"/>
  <testcase classname="runner.TestRunner" name="runScenario" time="13.457"/>
  <testcase classname="runner.TestRunner" name="runScenario" time="7.712"/>
  <testcase classname="runner.TestRunner" name="runScenario" time="29.584"/>
  <testcase classname="runner.TestRunner" name="runScenario" time="24.200"/>
  <testcase classname="runner.TestRunner" name="runScenario" time="12.527"/>
  <testcase classname="runner.TestRunner" name="runScenario" time="26.237"/>
  <testcase classname="runner.TestRunner" name="runScenario" time="25.444"/>
  <testcase classname="runner.TestRunner" name="runScenario" time="25.247"/>
  <testcase classname="runner.TestRunner" name="runScenario" time="26.617"/>
  <testcase classname="runner.TestRunner" name="runScenario" time="15.023"/>
  <testcase classname="runner.TestRunner" name="runScenario" time="47.568"/>
  <testcase classname="runner.TestRunner" name="runScenario" time="7.608"/>
  <testcase classname="runner.TestRunner" name="runScenario" time="25.048"/>
  <testcase classname="runner.TestRunner" name="runScenario" time="14.650"/>
</testsuite> <!-- runner.TestRunner -->
