<?xml version="1.0" encoding="UTF-8"?>
<!-- Generated by org.testng.reporters.JUnitReportReporter -->
<testsuite hostname="APL-JWTQT24" failures="0" tests="17" name="runner.TestRunner" time="375.058" errors="0" timestamp="2026-07-07T00:22:06 IST" skipped="0">
  <testcase classname="runner.TestRunner" name="runScenario" time="25.809"/>
  <testcase classname="runner.TestRunner" name="runScenario" time="24.426"/>
  <testcase classname="runner.TestRunner" name="runScenario" time="47.738"/>
  <testcase classname="runner.TestRunner" name="runScenario" time="13.442"/>
  <testcase classname="runner.TestRunner" name="runScenario" time="12.447"/>
  <testcase classname="runner.TestRunner" name="runScenario" time="25.224"/>
  <testcase classname="runner.TestRunner" name="runScenario" time="15.606"/>
  <testcase classname="runner.TestRunner" name="runScenario" time="24.545"/>
  <testcase classname="runner.TestRunner" name="runScenario" time="8.618"/>
  <testcase classname="runner.TestRunner" name="runScenario" time="25.923"/>
  <testcase classname="runner.TestRunner" name="runScenario" time="25.010"/>
  <testcase classname="runner.TestRunner" name="runScenario" time="24.414"/>
  <testcase classname="runner.TestRunner" name="runScenario" time="25.448"/>
  <testcase classname="runner.TestRunner" name="runScenario" time="13.938"/>
  <testcase classname="runner.TestRunner" name="runScenario" time="29.341"/>
  <testcase classname="runner.TestRunner" name="runScenario" time="24.996"/>
  <testcase classname="runner.TestRunner" name="runScenario" time="8.133"/>
</testsuite> <!-- runner.TestRunner -->
